 
| 连接名         | IP                                                                       | USERNAME               | PASSWORD                         |     |
| -------------- | ------------------------------------------------------------------------ | ---------------------- | -------------------------------- |:--- |
|                |                                                                          |                        |                                  |     |
| 双活-2         | 192.168.63.26                                                            | root                   | !QWE4rfv                         |     |
| biapwp                 | iUx7%;3lfqh                      |     |
| 双活-1         | 192.168.63.111                                                           | root                   | @WSX3edc                         |     |
| FusionDirector | 192.168.63.54                                                            | Administrator          | Huawei@SYS3@123                  |     |
|                | 192.168.63.58                                                            | docker                 | Docker@Yytech@508A               |     |
| 开发环境       | 192.168.63.59                                                            | root                   | yYtech@508Aa                     |     |
| gitlab         | http://192.168.0.68/gitlab/users/sign_in                                 | sunhuayu               | aptx4869                         |     |
| 禅道           | http://192.168.0.68/zentao/index.php?m=user&f=login&referer=L3plbnRhby8= | sunhuayu               | 1234qwerASDF                     |     |
| 展厅环境       | 192.168.0.221                                                            | root                   | Eyecool123                       |     |
| 公司域名环境   | 192.168.63.132                                                           | gardenplt/root/vipface | eyecool123/eyecool123/eyecool123 |     |